<?xml version="1.0" encoding="UTF-8"?>
<beans xmlns="http://www.springframework.org/schema/beans"
	xmlns:xsi="http://www.w3.org/2001/XMLSchema-instance"
	xsi:schemaLocation="http://www.springframework.org/schema/beans
		http://www.springframework.org/schema/beans/spring-beans-3.0.xsd">
		
	<!-- DataSource 로 교체 -->
	<!-- <bean id="connectionMaker" class="springbook.user.dao.DConnectionMaker"/> -->
	<bean id="dataSource" class="org.springframework.jdbc.datasource.SimpleDriverDataSource">
		<property name="driverClass" value="com.mysql.jdbc.Driver"/>
		<property name="url" value="jdbc:mysql://localhost/springbook"/>
		<property name="username" value="spring"/>
		<property name="password" value="book"/>
	</bean>
		
	<bean id="userDAO" class="springbook.user.dao.UserDAOJdbc">
		<!-- DataSource 로 교체 -->
		<!-- <property name="connectionMaker" ref="connectionMaker"/> -->
		<property name="dataSource" ref="dataSource"/>
	</bean>
	
	<bean id="userService" class="springbook.user.service.UserServiceTx">
		<property name="target" ref="userServiceImpl"/>
		<property name="transactionManager" ref="transactionManager"/>
		<property name="pattern" value="upgradeLevels"/>
		<property name="serviceInterface" value="springbook.user.service.UserService"/>
	</bean>
	
	<bean id="userServiceImpl" class="springbook.user.service.UserServiceImpl">
		<property name="userDAO" ref="userDAO"/>
		<property name="mailSender" ref="mailSender"/>	
	</bean>
	
	<bean id="transactionManager" class="org.springframework.jdbc.datasource.DataSourceTransactionManager">
		<property name="dataSource" ref="dataSource"/>
	</bean>
	
	<bean id="mailSender" class="springbook.user.service.DummyMailSender"/>
</beans>